<?xml version="1.0" encoding="UTF-8"?>
<testsuite xmlns:xsi="http://www.w3.org/2001/XMLSchema-instance" xsi:noNamespaceSchemaLocation="https://maven.apache.org/surefire/maven-surefire-plugin/xsd/surefire-test-report.xsd" version="3.0.2" name="net.javaguides.springboot.CompanyControllerTest" time="11.03" tests="16" errors="0" skipped="0" failures="0">
  <properties>
[...]
</properties>
  <testcase name="testGetOneCompany_CompanyNotFound" classname="net.javaguides.springboot.CompanyControllerTest" time="0.151">
    <system-out><![CDATA[11:12:20.706 [main] INFO org.springframework.test.context.support.AnnotationConfigContextLoaderUtils -- Could not detect default configuration classes for test class [net.javaguides.springboot.CompanyControllerTest]: CompanyControllerTest does not declare any static, non-private, non-final, nested classes annotated with @Configuration.
11:12:20.830 [main] INFO org.springframework.boot.test.context.SpringBootTestContextBootstrapper -- Found @SpringBootConfiguration net.javaguides.springboot.SpringbootBackendApplication for test class net.javaguides.springboot.CompanyControllerTest
11:12:20.939 [main] INFO org.testcontainers.images.PullPolicy -- Image pull policy will be performed by: DefaultPullPolicy()
11:12:20.942 [main] INFO org.testcontainers.utility.ImageNameSubstitutor -- Image name substitution will be performed by: DefaultImageNameSubstitutor (composite of 'ConfigurationFileImageNameSubstitutor' and 'PrefixingImageNameSubstitutor')
11:12:20.986 [main] INFO org.testcontainers.DockerClientFactory -- Testcontainers version: 1.20.4
11:12:21.153 [main] INFO org.testcontainers.dockerclient.DockerClientProviderStrategy -- Loaded org.testcontainers.dockerclient.NpipeSocketClientProviderStrategy from ~/.testcontainers.properties, will try it first
11:12:21.355 [main] INFO org.testcontainers.dockerclient.DockerClientProviderStrategy -- Found Docker environment with local Npipe socket (npipe:////./pipe/docker_engine)
11:12:21.356 [main] INFO org.testcontainers.DockerClientFactory -- Docker host IP address is localhost
11:12:21.372 [main] INFO org.testcontainers.DockerClientFactory -- Connected to docker: 
  Server Version: 27.5.1
  API Version: 1.47
  Operating System: Docker Desktop
  Total Memory: 15968 MB
  Labels: 
    com.docker.desktop.address=npipe://\\.\pipe\docker_cli
11:12:21.488 [main] INFO tc.testcontainers/ryuk:0.11.0 -- Creating container for image: testcontainers/ryuk:0.11.0
11:12:21.744 [main] INFO tc.testcontainers/ryuk:0.11.0 -- Container testcontainers/ryuk:0.11.0 is starting: 8556d694a45cad92d0a1157703d265fa8f2867265757a8ddd28cf35669d7c8ca
11:12:22.256 [main] INFO tc.testcontainers/ryuk:0.11.0 -- Container testcontainers/ryuk:0.11.0 started in PT0.7674879S
11:12:22.262 [main] INFO org.testcontainers.utility.RyukResourceReaper -- Ryuk started - will monitor and terminate Testcontainers containers on JVM exit
11:12:22.262 [main] INFO org.testcontainers.DockerClientFactory -- Checking the system...
11:12:22.262 [main] INFO org.testcontainers.DockerClientFactory -- ✔︎ Docker server version should be at least 1.6.0
11:12:22.263 [main] INFO tc.postgres:17 -- Creating container for image: postgres:17
11:12:22.383 [main] INFO tc.postgres:17 -- Container postgres:17 is starting: e820df94728f296d5a6fec730e0dbcfeb438169ef9a1069e9d74294f4670e4e3
11:12:24.050 [main] INFO tc.postgres:17 -- Container postgres:17 started in PT1.7870383S
11:12:24.050 [main] INFO tc.postgres:17 -- Container is started (JDBC URL: jdbc:postgresql://localhost:63537/test?loggerLevel=OFF)
11:12:24.088 [main] INFO org.springframework.boot.devtools.restart.RestartApplicationListener -- Restart disabled due to context in which it is running

  .   ____          _            __ _ _
 /\\ / ___'_ __ _ _(_)_ __  __ _ \ \ \ \
( ( )\___ | '_ | '_| | '_ \/ _` | \ \ \ \
 \\/  ___)| |_)| | | | | || (_| |  ) ) ) )
  '  |____| .__|_| |_|_| |_\__, | / / / /
 =========|_|==============|___/=/_/_/_/

 :: Spring Boot ::                (v3.4.1)

11:12:24.387 [main] INFO  n.j.springboot.CompanyControllerTest - Starting CompanyControllerTest using Java 23.0.2 with PID 10880 (started by dimka in G:\Projects\microservices-project\company-vacancy-service\demo)
11:12:24.341 [background-preinit] INFO  o.h.validator.internal.util.Version - HV000001: Hibernate Validator 8.0.2.Final
11:12:26.625 [main] INFO  n.j.springboot.CompanyControllerTest - No active profile set, falling back to 1 default profile: "default"
11:12:27.190 [main] INFO  o.s.d.r.c.RepositoryConfigurationDelegate - Bootstrapping Spring Data JPA repositories in DEFAULT mode.
11:12:27.244 [main] INFO  o.s.d.r.c.RepositoryConfigurationDelegate - Finished Spring Data repository scanning in 44 ms. Found 2 JPA repository interfaces.
11:12:28.139 [main] INFO  o.s.b.w.e.tomcat.TomcatWebServer - Tomcat initialized with port 0 (http)
11:12:28.156 [main] INFO  o.a.coyote.http11.Http11NioProtocol - Initializing ProtocolHandler ["http-nio-auto-1"]
11:12:28.159 [main] INFO  o.a.catalina.core.StandardService - Starting service [Tomcat]
11:12:28.160 [main] INFO  o.a.catalina.core.StandardEngine - Starting Servlet engine: [Apache Tomcat/10.1.34]
11:12:28.233 [main] INFO  o.a.c.c.C.[Tomcat].[localhost].[/] - Initializing Spring embedded WebApplicationContext
11:12:28.235 [main] INFO  o.s.b.w.s.c.ServletWebServerApplicationContext - Root WebApplicationContext: initialization completed in 1599 ms
11:12:28.430 [main] INFO  o.h.jpa.internal.util.LogHelper - HHH000204: Processing PersistenceUnitInfo [name: default]
11:12:28.472 [main] INFO  org.hibernate.Version - HHH000412: Hibernate ORM core version 6.6.4.Final
11:12:28.497 [main] INFO  o.h.c.i.RegionFactoryInitiator - HHH000026: Second-level cache disabled
11:12:28.579 [main] INFO  com.zaxxer.hikari.HikariDataSource - HikariPool-1 - Starting...
11:12:28.705 [main] INFO  com.zaxxer.hikari.pool.HikariPool - HikariPool-1 - Added connection org.postgresql.jdbc.PgConnection@170f0fd6
11:12:28.707 [main] INFO  com.zaxxer.hikari.HikariDataSource - HikariPool-1 - Start completed.
11:12:28.762 [main] INFO  o.hibernate.orm.connections.pooling - HHH10001005: Database info:
	Database JDBC URL [Connecting through datasource 'HikariDataSource (HikariPool-1)']
	Database driver: undefined/unknown
	Database version: 17.4
	Autocommit mode: undefined/unknown
	Isolation level: undefined/unknown
	Minimum pool size: undefined/unknown
	Maximum pool size: undefined/unknown
11:12:28.847 [main] INFO  o.s.o.j.p.SpringPersistenceUnitInfo - No LoadTimeWeaver setup: ignoring JPA class transformer
11:12:29.500 [main] INFO  o.h.e.t.j.p.i.JtaPlatformInitiator - HHH000489: No JTA platform available (set 'hibernate.transaction.jta.platform' to enable JTA platform integration)
Hibernate: create table company (company_id bigint generated by default as identity, address varchar(1000) not null, date_reg timestamp(6) not null, director varchar(255) not null, inn varchar(255) not null, is_accepted boolean, kpp varchar(255) not null, name varchar(255) not null, ogrn varchar(255) not null, primary key (company_id))
Hibernate: create table vacancy (vacancy_id bigint generated by default as identity, address varchar(1000), contact varchar(255) not null, description varchar(1000), experience varchar(1000), format varchar(255), hours varchar(255), is_hidden boolean, is_educated boolean, name varchar(255) not null, schedule varchar(255), title varchar(255) not null, company_id bigint not null, primary key (vacancy_id))
Hibernate: alter table if exists vacancy add constraint FK9p6ux32w6e3jewgvnvcjuqdgg foreign key (company_id) references company
11:12:29.538 [main] INFO  o.s.o.j.LocalContainerEntityManagerFactoryBean - Initialized JPA EntityManagerFactory for persistence unit 'default'
11:12:29.873 [main] WARN  o.s.b.a.o.j.JpaBaseConfiguration$JpaWebConfiguration - spring.jpa.open-in-view is enabled by default. Therefore, database queries may be performed during view rendering. Explicitly configure spring.jpa.open-in-view to disable this warning
11:12:30.364 [main] INFO  o.a.c.c.C.[Tomcat].[localhost].[/] - Initializing Spring TestDispatcherServlet ''
11:12:30.365 [main] INFO  o.s.t.w.s.TestDispatcherServlet - Initializing Servlet ''
11:12:30.367 [main] INFO  o.s.t.w.s.TestDispatcherServlet - Completed initialization in 2 ms
11:12:30.513 [main] INFO  o.a.coyote.http11.Http11NioProtocol - Starting ProtocolHandler ["http-nio-auto-1"]
11:12:30.522 [main] INFO  o.s.b.w.e.tomcat.TomcatWebServer - Tomcat started on port 63549 (http) with context path '/'
11:12:30.530 [main] INFO  n.j.springboot.CompanyControllerTest - Started CompanyControllerTest in 6.451 seconds (process running for 10.488)
11:12:30.555 [main] INFO  o.a.c.c.C.[Tomcat].[localhost].[/] - Initializing Spring TestDispatcherServlet ''
11:12:30.555 [main] INFO  o.s.t.w.s.TestDispatcherServlet - Initializing Servlet ''
11:12:30.556 [main] INFO  o.s.t.w.s.TestDispatcherServlet - Completed initialization in 1 ms
{"success":false,"message":"Компании с id: 52 не существует!"}
]]></system-out>
  </testcase>
  <testcase name="testPost_SuccessfullyCompany" classname="net.javaguides.springboot.CompanyControllerTest" time="0.064">
    <system-out><![CDATA[11:12:30.691 [main] INFO  o.a.c.c.C.[Tomcat].[localhost].[/] - Initializing Spring TestDispatcherServlet ''
11:12:30.692 [main] INFO  o.s.t.w.s.TestDispatcherServlet - Initializing Servlet ''
11:12:30.693 [main] INFO  o.s.t.w.s.TestDispatcherServlet - Completed initialization in 1 ms
{"company_id":52,"name":"52","inn":"25555","kpp":"25555","ogrn":"25555","address":"25555","director":"25555","date_reg":"2024-10-01T00:00:00.000+00:00","is_accepted":false}
]]></system-out>
  </testcase>
  <testcase name="testPost_CompanyBadRequest" classname="net.javaguides.springboot.CompanyControllerTest" time="0.015">
    <system-out><![CDATA[11:12:30.756 [main] INFO  o.a.c.c.C.[Tomcat].[localhost].[/] - Initializing Spring TestDispatcherServlet ''
11:12:30.757 [main] INFO  o.s.t.w.s.TestDispatcherServlet - Initializing Servlet ''
11:12:30.757 [main] INFO  o.s.t.w.s.TestDispatcherServlet - Completed initialization in 0 ms
{"success":false,"message":"Cannot invoke \"java.util.concurrent.CompletableFuture.get()\" because the return value of \"net.javaguides.springboot.service.CompanyService.createCompany(net.javaguides.springboot.model.Company)\" is null"}
]]></system-out>
  </testcase>
  <testcase name="testGetAllCompanies_EmptyList" classname="net.javaguides.springboot.CompanyControllerTest" time="0.012">
    <system-out><![CDATA[11:12:30.772 [main] INFO  o.a.c.c.C.[Tomcat].[localhost].[/] - Initializing Spring TestDispatcherServlet ''
11:12:30.772 [main] INFO  o.s.t.w.s.TestDispatcherServlet - Initializing Servlet ''
11:12:30.773 [main] INFO  o.s.t.w.s.TestDispatcherServlet - Completed initialization in 1 ms
[]
]]></system-out>
  </testcase>
  <testcase name="testUpdate_SuccessfullyCompany" classname="net.javaguides.springboot.CompanyControllerTest" time="0.015">
    <system-out><![CDATA[11:12:30.785 [main] INFO  o.a.c.c.C.[Tomcat].[localhost].[/] - Initializing Spring TestDispatcherServlet ''
11:12:30.785 [main] INFO  o.s.t.w.s.TestDispatcherServlet - Initializing Servlet ''
11:12:30.786 [main] INFO  o.s.t.w.s.TestDispatcherServlet - Completed initialization in 1 ms
{"company_id":52,"name":"52","inn":"25555","kpp":"25555","ogrn":"25555","address":"25555","director":"25555","date_reg":"2024-10-01T00:00:00.000+00:00","is_accepted":false}
]]></system-out>
  </testcase>
  <testcase name="testDelete_CompanyNotFound" classname="net.javaguides.springboot.CompanyControllerTest" time="0.011">
    <system-out><![CDATA[11:12:30.802 [main] INFO  o.a.c.c.C.[Tomcat].[localhost].[/] - Initializing Spring TestDispatcherServlet ''
11:12:30.802 [main] INFO  o.s.t.w.s.TestDispatcherServlet - Initializing Servlet ''
11:12:30.803 [main] INFO  o.s.t.w.s.TestDispatcherServlet - Completed initialization in 1 ms
{"success":false,"message":"Компании с id: 52 не существует!"}
]]></system-out>
  </testcase>
  <testcase name="testUpdate_CompanyNotFound" classname="net.javaguides.springboot.CompanyControllerTest" time="0.014">
    <system-out><![CDATA[11:12:30.813 [main] INFO  o.a.c.c.C.[Tomcat].[localhost].[/] - Initializing Spring TestDispatcherServlet ''
11:12:30.814 [main] INFO  o.s.t.w.s.TestDispatcherServlet - Initializing Servlet ''
11:12:30.815 [main] INFO  o.s.t.w.s.TestDispatcherServlet - Completed initialization in 1 ms
{"success":false,"message":"Компании с id: 52 не существует!"}
]]></system-out>
  </testcase>
  <testcase name="contextLoads" classname="net.javaguides.springboot.CompanyControllerTest" time="0.007">
    <system-out><![CDATA[11:12:30.829 [main] INFO  o.a.c.c.C.[Tomcat].[localhost].[/] - Initializing Spring TestDispatcherServlet ''
11:12:30.829 [main] INFO  o.s.t.w.s.TestDispatcherServlet - Initializing Servlet ''
11:12:30.830 [main] INFO  o.s.t.w.s.TestDispatcherServlet - Completed initialization in 1 ms
]]></system-out>
  </testcase>
  <testcase name="testGetAllCompanies_SuccessfullyCompanies" classname="net.javaguides.springboot.CompanyControllerTest" time="0.012">
    <system-out><![CDATA[11:12:30.835 [main] INFO  o.a.c.c.C.[Tomcat].[localhost].[/] - Initializing Spring TestDispatcherServlet ''
11:12:30.835 [main] INFO  o.s.t.w.s.TestDispatcherServlet - Initializing Servlet ''
11:12:30.836 [main] INFO  o.s.t.w.s.TestDispatcherServlet - Completed initialization in 0 ms
[{"company_id":null,"name":"52","inn":"25555","kpp":"25555","ogrn":"25555","address":"25555","director":"25555","date_reg":"2024-10-01T00:00:00.000+00:00","is_accepted":false},{"company_id":null,"name":"52","inn":"52","kpp":"25555","ogrn":"25555","address":"25555","director":"25555","date_reg":"2024-10-01T00:00:00.000+00:00","is_accepted":false}]
]]></system-out>
  </testcase>
  <testcase name="testDelete_SuccessfullyCompany" classname="net.javaguides.springboot.CompanyControllerTest" time="0.01">
    <system-out><![CDATA[11:12:30.848 [main] INFO  o.a.c.c.C.[Tomcat].[localhost].[/] - Initializing Spring TestDispatcherServlet ''
11:12:30.849 [main] INFO  o.s.t.w.s.TestDispatcherServlet - Initializing Servlet ''
11:12:30.850 [main] INFO  o.s.t.w.s.TestDispatcherServlet - Completed initialization in 1 ms
{"message":"Компания успешно удалена!"}
]]></system-out>
  </testcase>
  <testcase name="testGetAllCompanies_withoutToken" classname="net.javaguides.springboot.CompanyControllerTest" time="0.01">
    <system-out><![CDATA[11:12:30.860 [main] INFO  o.a.c.c.C.[Tomcat].[localhost].[/] - Initializing Spring TestDispatcherServlet ''
11:12:30.860 [main] INFO  o.s.t.w.s.TestDispatcherServlet - Initializing Servlet ''
11:12:30.861 [main] INFO  o.s.t.w.s.TestDispatcherServlet - Completed initialization in 0 ms
]]></system-out>
  </testcase>
  <testcase name="testGetOneCompany_SuccessfullyCompany" classname="net.javaguides.springboot.CompanyControllerTest" time="0.016">
    <system-out><![CDATA[11:12:30.871 [main] INFO  o.a.c.c.C.[Tomcat].[localhost].[/] - Initializing Spring TestDispatcherServlet ''
11:12:30.871 [main] INFO  o.s.t.w.s.TestDispatcherServlet - Initializing Servlet ''
11:12:30.872 [main] INFO  o.s.t.w.s.TestDispatcherServlet - Completed initialization in 1 ms
{"company_id":52,"name":null,"inn":null,"kpp":null,"ogrn":null,"address":null,"director":null,"date_reg":null,"is_accepted":null,"vacancies":null}
]]></system-out>
  </testcase>
  <testcase name="testPost_WithOtherRole" classname="net.javaguides.springboot.CompanyControllerTest" time="0.017">
    <system-out><![CDATA[11:12:30.887 [main] INFO  o.a.c.c.C.[Tomcat].[localhost].[/] - Initializing Spring TestDispatcherServlet ''
11:12:30.888 [main] INFO  o.s.t.w.s.TestDispatcherServlet - Initializing Servlet ''
11:12:30.889 [main] INFO  o.s.t.w.s.TestDispatcherServlet - Completed initialization in 1 ms
{"success":false,"message":"no access"}
]]></system-out>
  </testcase>
  <testcase name="testUpdate_CompanyBadRequest" classname="net.javaguides.springboot.CompanyControllerTest" time="0.026">
    <system-out><![CDATA[11:12:30.905 [main] INFO  o.a.c.c.C.[Tomcat].[localhost].[/] - Initializing Spring TestDispatcherServlet ''
11:12:30.905 [main] INFO  o.s.t.w.s.TestDispatcherServlet - Initializing Servlet ''
11:12:30.906 [main] INFO  o.s.t.w.s.TestDispatcherServlet - Completed initialization in 1 ms
{"success":false,"message":"Fill in all required fields!"}
]]></system-out>
  </testcase>
  <testcase name="testDelete_WithOtherRole" classname="net.javaguides.springboot.CompanyControllerTest" time="0.01">
    <system-out><![CDATA[11:12:30.931 [main] INFO  o.a.c.c.C.[Tomcat].[localhost].[/] - Initializing Spring TestDispatcherServlet ''
11:12:30.932 [main] INFO  o.s.t.w.s.TestDispatcherServlet - Initializing Servlet ''
11:12:30.933 [main] INFO  o.s.t.w.s.TestDispatcherServlet - Completed initialization in 1 ms
{"success":false,"message":"no access"}
]]></system-out>
  </testcase>
  <testcase name="testGetAllCompanies_WithOtherRole" classname="net.javaguides.springboot.CompanyControllerTest" time="0.011">
    <system-out><![CDATA[11:12:30.942 [main] INFO  o.a.c.c.C.[Tomcat].[localhost].[/] - Initializing Spring TestDispatcherServlet ''
11:12:30.943 [main] INFO  o.s.t.w.s.TestDispatcherServlet - Initializing Servlet ''
11:12:30.944 [main] INFO  o.s.t.w.s.TestDispatcherServlet - Completed initialization in 1 ms
]]></system-out>
  </testcase>
</testsuite>